<?xml version="1.0" encoding="UTF-8"?>
<testng-results skipped="0" failed="0" ignored="0" total="5" passed="5">
  <reporter-output>
  </reporter-output>
  <suite name="All Test Suite" duration-ms="10761" started-at="2022-04-24T19:21:35 CEST" finished-at="2022-04-24T19:21:46 CEST">
    <groups>
      <group name="cucumber">
        <method signature="AbstractTestNGCucumberTests.runScenario(io.cucumber.testng.PickleWrapper,io.cucumber.testng.FeatureWrapper)[pri:0, instance:Runners.Run@711f39f9]" name="runScenario" class="io.cucumber.testng.AbstractTestNGCucumberTests"/>
      </group> <!-- cucumber -->
    </groups>
    <test name="C:/Users/dusan.zoric/IdeaProjects/GitHubApiTests" duration-ms="10761" started-at="2022-04-24T19:21:35 CEST" finished-at="2022-04-24T19:21:46 CEST">
      <class name="Runners.Run">
        <test-method status="PASS" signature="setUpClass()[pri:0, instance:Runners.Run@711f39f9]" name="setUpClass" is-config="true" duration-ms="279" started-at="2022-04-24T19:21:35 CEST" finished-at="2022-04-24T19:21:36 CEST">
          <reporter-output>
          </reporter-output>
        </test-method> <!-- setUpClass -->
        <test-method status="PASS" signature="runScenario(io.cucumber.testng.PickleWrapper,io.cucumber.testng.FeatureWrapper)[pri:0, instance:Runners.Run@711f39f9]" name="runScenario" duration-ms="4943" started-at="2022-04-24T19:21:36 CEST" description="Runs Cucumber Scenarios" data-provider="scenarios" finished-at="2022-04-24T19:21:41 CEST">
          <params>
            <param index="0">
              <value>
                <![CDATA["POSITIVE : Create new repository"]]>
              </value>
            </param>
            <param index="1">
              <value>
                <![CDATA["Optional[Git Hub features]"]]>
              </value>
            </param>
          </params>
          <reporter-output>
          </reporter-output>
        </test-method> <!-- runScenario -->
        <test-method status="PASS" signature="runScenario(io.cucumber.testng.PickleWrapper,io.cucumber.testng.FeatureWrapper)[pri:0, instance:Runners.Run@711f39f9]" name="runScenario" duration-ms="2472" started-at="2022-04-24T19:21:41 CEST" description="Runs Cucumber Scenarios" data-provider="scenarios" finished-at="2022-04-24T19:21:43 CEST">
          <params>
            <param index="0">
              <value>
                <![CDATA["POSITIVE : Update repository"]]>
              </value>
            </param>
            <param index="1">
              <value>
                <![CDATA["Optional[Git Hub features]"]]>
              </value>
            </param>
          </params>
          <reporter-output>
          </reporter-output>
        </test-method> <!-- runScenario -->
        <test-method status="PASS" signature="runScenario(io.cucumber.testng.PickleWrapper,io.cucumber.testng.FeatureWrapper)[pri:0, instance:Runners.Run@711f39f9]" name="runScenario" duration-ms="2005" started-at="2022-04-24T19:21:43 CEST" description="Runs Cucumber Scenarios" data-provider="scenarios" finished-at="2022-04-24T19:21:45 CEST">
          <params>
            <param index="0">
              <value>
                <![CDATA["POSITIVE : Delete repository"]]>
              </value>
            </param>
            <param index="1">
              <value>
                <![CDATA["Optional[Git Hub features]"]]>
              </value>
            </param>
          </params>
          <reporter-output>
          </reporter-output>
        </test-method> <!-- runScenario -->
        <test-method status="PASS" signature="runScenario(io.cucumber.testng.PickleWrapper,io.cucumber.testng.FeatureWrapper)[pri:0, instance:Runners.Run@711f39f9]" name="runScenario" duration-ms="649" started-at="2022-04-24T19:21:45 CEST" description="Runs Cucumber Scenarios" data-provider="scenarios" finished-at="2022-04-24T19:21:46 CEST">
          <params>
            <param index="0">
              <value>
                <![CDATA["NEGATIVE : Create new repository - unknown gitignoreTemplate"]]>
              </value>
            </param>
            <param index="1">
              <value>
                <![CDATA["Optional[Git Hub features]"]]>
              </value>
            </param>
          </params>
          <reporter-output>
          </reporter-output>
        </test-method> <!-- runScenario -->
        <test-method status="PASS" signature="runScenario(io.cucumber.testng.PickleWrapper,io.cucumber.testng.FeatureWrapper)[pri:0, instance:Runners.Run@711f39f9]" name="runScenario" duration-ms="363" started-at="2022-04-24T19:21:46 CEST" description="Runs Cucumber Scenarios" data-provider="scenarios" finished-at="2022-04-24T19:21:46 CEST">
          <params>
            <param index="0">
              <value>
                <![CDATA["NEGATIVE : Create new repository - empty name"]]>
              </value>
            </param>
            <param index="1">
              <value>
                <![CDATA["Optional[Git Hub features]"]]>
              </value>
            </param>
          </params>
          <reporter-output>
          </reporter-output>
        </test-method> <!-- runScenario -->
        <test-method status="PASS" signature="tearDownClass()[pri:0, instance:Runners.Run@711f39f9]" name="tearDownClass" is-config="true" duration-ms="14" started-at="2022-04-24T19:21:46 CEST" finished-at="2022-04-24T19:21:46 CEST">
          <reporter-output>
          </reporter-output>
        </test-method> <!-- tearDownClass -->
      </class> <!-- Runners.Run -->
    </test> <!-- C:/Users/dusan.zoric/IdeaProjects/GitHubApiTests -->
  </suite> <!-- All Test Suite -->
</testng-results>
